2019-08-04 21:20:28 [scrapy.utils.log] INFO: Scrapy 1.6.0 started (bot: scrapy_douban)
2019-08-04 21:20:28 [scrapy.utils.log] INFO: Versions: lxml 4.3.3.0, libxml2 2.9.5, cssselect 1.0.3, parsel 1.5.1, w3lib 1.20.0, Twisted 18.9.0, Python 3.6.8 |Anaconda, Inc.| (default, Feb 21 2019, 18:30:04) [MSC v.1916 64 bit (AMD64)], pyOpenSSL 19.0.0 (OpenSSL 1.1.1b  26 Feb 2019), cryptography 2.6.1, Platform Windows-10-10.0.17763-SP0
2019-08-04 21:20:28 [scrapy.crawler] INFO: Overridden settings: {'BOT_NAME': 'scrapy_douban', 'CONCURRENT_REQUESTS': 32, 'CONCURRENT_REQUESTS_PER_DOMAIN': 32, 'COOKIES_ENABLED': False, 'DOWNLOAD_DELAY': 0.001, 'LOG_FILE': 'DoubanSpider3.log', 'NEWSPIDER_MODULE': 'scrapy_douban.spiders', 'RETRY_TIMES': 5, 'SPIDER_MODULES': ['scrapy_douban.spiders']}
2019-08-04 21:20:28 [scrapy.extensions.telnet] INFO: Telnet Password: 9dd80c132936a0f2
2019-08-04 21:20:28 [scrapy.middleware] INFO: Enabled extensions:
['scrapy.extensions.corestats.CoreStats',
 'scrapy.extensions.telnet.TelnetConsole',
 'scrapy.extensions.logstats.LogStats']
2019-08-04 21:20:29 [scrapy.middleware] INFO: Enabled downloader middlewares:
['scrapy_douban.middlewares.MyUserAgentMiddleware',
 'scrapy_douban.middlewares.MyProxyMiddleWare',
 'scrapy.downloadermiddlewares.httpauth.HttpAuthMiddleware',
 'scrapy.downloadermiddlewares.defaultheaders.DefaultHeadersMiddleware',
 'scrapy.downloadermiddlewares.downloadtimeout.DownloadTimeoutMiddleware',
 'scrapy.downloadermiddlewares.useragent.UserAgentMiddleware',
 'scrapy.downloadermiddlewares.retry.RetryMiddleware',
 'scrapy.downloadermiddlewares.redirect.MetaRefreshMiddleware',
 'scrapy.downloadermiddlewares.httpcompression.HttpCompressionMiddleware',
 'scrapy.downloadermiddlewares.redirect.RedirectMiddleware',
 'scrapy.downloadermiddlewares.httpproxy.HttpProxyMiddleware',
 'scrapy.downloadermiddlewares.stats.DownloaderStats']
2019-08-04 21:20:29 [scrapy.middleware] INFO: Enabled spider middlewares:
['scrapy.spidermiddlewares.httperror.HttpErrorMiddleware',
 'scrapy.spidermiddlewares.offsite.OffsiteMiddleware',
 'scrapy.spidermiddlewares.referer.RefererMiddleware',
 'scrapy.spidermiddlewares.urllength.UrlLengthMiddleware',
 'scrapy.spidermiddlewares.depth.DepthMiddleware']
2019-08-04 21:20:29 [scrapy.middleware] INFO: Enabled item pipelines:
['scrapy_douban.pipelines.ScrapyDoubanPipeline']
2019-08-04 21:20:29 [scrapy.core.engine] INFO: Spider opened
2019-08-04 21:20:29 [scrapy.extensions.logstats] INFO: Crawled 0 pages (at 0 pages/min), scraped 0 items (at 0 items/min)
2019-08-04 21:20:29 [scrapy.extensions.telnet] INFO: Telnet console listening on 127.0.0.1:6023
2019-08-04 21:20:39 [scrapy.downloadermiddlewares.retry] DEBUG: Retrying <GET https://www.douban.com/group/106955/discussion?start=99225> (failed 1 times): User timeout caused connection failure: Getting https://www.douban.com/group/106955/discussion?start=99225 took longer than 10 seconds..
2019-08-04 21:20:41 [scrapy.downloadermiddlewares.retry] DEBUG: Retrying <GET https://www.douban.com/group/106955/discussion?start=99225> (failed 2 times): Connection was refused by other side: 10061: 由于目标计算机积极拒绝，无法连接。.
2019-08-04 21:20:46 [scrapy.crawler] INFO: Received SIGINT, shutting down gracefully. Send again to force 
2019-08-04 21:20:46 [scrapy.core.engine] INFO: Closing spider (shutdown)
2019-08-04 21:20:46 [scrapy.crawler] INFO: Received SIGINT twice, forcing unclean shutdown
2019-08-04 21:20:46 [scrapy.downloadermiddlewares.retry] DEBUG: Retrying <GET https://www.douban.com/group/106955/discussion?start=99225> (failed 3 times): An error occurred while connecting: [Failure instance: Traceback (failure with no frames): <class 'twisted.internet.error.ConnectionLost'>: Connection to the other side was lost in a non-clean fashion: Connection lost.
].
2019-08-04 21:20:46 [scrapy.statscollectors] INFO: Dumping Scrapy stats:
{'downloader/exception_count': 3,
 'downloader/exception_type_count/twisted.internet.error.ConnectError': 1,
 'downloader/exception_type_count/twisted.internet.error.ConnectionRefusedError': 1,
 'downloader/exception_type_count/twisted.internet.error.TimeoutError': 1,
 'downloader/request_bytes': 956,
 'downloader/request_count': 3,
 'downloader/request_method_count/GET': 3,
 'finish_reason': 'shutdown',
 'finish_time': datetime.datetime(2019, 8, 4, 13, 20, 46, 791452),
 'log_count/DEBUG': 3,
 'log_count/INFO': 11,
 'retry/count': 3,
 'retry/reason_count/twisted.internet.error.ConnectError': 1,
 'retry/reason_count/twisted.internet.error.ConnectionRefusedError': 1,
 'retry/reason_count/twisted.internet.error.TimeoutError': 1,
 'scheduler/dequeued': 3,
 'scheduler/dequeued/memory': 3,
 'scheduler/enqueued': 4,
 'scheduler/enqueued/memory': 4,
 'start_time': datetime.datetime(2019, 8, 4, 13, 20, 29, 279780)}
2019-08-04 21:20:46 [scrapy.core.engine] INFO: Spider closed (shutdown)
2019-08-04 21:25:16 [scrapy.utils.log] INFO: Scrapy 1.6.0 started (bot: scrapy_douban)
2019-08-04 21:25:16 [scrapy.utils.log] INFO: Versions: lxml 4.3.3.0, libxml2 2.9.5, cssselect 1.0.3, parsel 1.5.1, w3lib 1.20.0, Twisted 18.9.0, Python 3.6.8 |Anaconda, Inc.| (default, Feb 21 2019, 18:30:04) [MSC v.1916 64 bit (AMD64)], pyOpenSSL 19.0.0 (OpenSSL 1.1.1b  26 Feb 2019), cryptography 2.6.1, Platform Windows-10-10.0.17763-SP0
2019-08-04 21:25:16 [scrapy.crawler] INFO: Overridden settings: {'BOT_NAME': 'scrapy_douban', 'CONCURRENT_REQUESTS': 32, 'CONCURRENT_REQUESTS_PER_DOMAIN': 32, 'COOKIES_ENABLED': False, 'DOWNLOAD_DELAY': 0.001, 'LOG_FILE': 'DoubanSpider3.log', 'NEWSPIDER_MODULE': 'scrapy_douban.spiders', 'RETRY_TIMES': 5, 'SPIDER_MODULES': ['scrapy_douban.spiders']}
2019-08-04 21:25:16 [scrapy.extensions.telnet] INFO: Telnet Password: a5ec55e02001ee1f
2019-08-04 21:25:16 [scrapy.middleware] INFO: Enabled extensions:
['scrapy.extensions.corestats.CoreStats',
 'scrapy.extensions.telnet.TelnetConsole',
 'scrapy.extensions.logstats.LogStats']
2019-08-04 21:25:17 [scrapy.middleware] INFO: Enabled downloader middlewares:
['scrapy_douban.middlewares.MyUserAgentMiddleware',
 'scrapy_douban.middlewares.MyProxyMiddleWare',
 'scrapy.downloadermiddlewares.httpauth.HttpAuthMiddleware',
 'scrapy.downloadermiddlewares.defaultheaders.DefaultHeadersMiddleware',
 'scrapy.downloadermiddlewares.downloadtimeout.DownloadTimeoutMiddleware',
 'scrapy.downloadermiddlewares.useragent.UserAgentMiddleware',
 'scrapy.downloadermiddlewares.retry.RetryMiddleware',
 'scrapy.downloadermiddlewares.redirect.MetaRefreshMiddleware',
 'scrapy.downloadermiddlewares.httpcompression.HttpCompressionMiddleware',
 'scrapy.downloadermiddlewares.redirect.RedirectMiddleware',
 'scrapy.downloadermiddlewares.httpproxy.HttpProxyMiddleware',
 'scrapy.downloadermiddlewares.stats.DownloaderStats']
2019-08-04 21:25:17 [scrapy.middleware] INFO: Enabled spider middlewares:
['scrapy.spidermiddlewares.httperror.HttpErrorMiddleware',
 'scrapy.spidermiddlewares.offsite.OffsiteMiddleware',
 'scrapy.spidermiddlewares.referer.RefererMiddleware',
 'scrapy.spidermiddlewares.urllength.UrlLengthMiddleware',
 'scrapy.spidermiddlewares.depth.DepthMiddleware']
2019-08-04 21:25:17 [scrapy.middleware] INFO: Enabled item pipelines:
['scrapy_douban.pipelines.ScrapyDoubanPipeline']
2019-08-04 21:25:17 [scrapy.core.engine] INFO: Spider opened
2019-08-04 21:25:17 [scrapy.extensions.logstats] INFO: Crawled 0 pages (at 0 pages/min), scraped 0 items (at 0 items/min)
2019-08-04 21:25:17 [scrapy.extensions.telnet] INFO: Telnet console listening on 127.0.0.1:6023
2019-08-04 21:25:18 [scrapy.downloadermiddlewares.retry] DEBUG: Retrying <GET https://www.douban.com/group/106955/discussion?start=99225> (failed 1 times): Connection was refused by other side: 10061: 由于目标计算机积极拒绝，无法连接。.
2019-08-04 21:25:19 [scrapy.crawler] INFO: Received SIGINT, shutting down gracefully. Send again to force 
2019-08-04 21:25:19 [scrapy.downloadermiddlewares.retry] DEBUG: Retrying <GET https://www.douban.com/group/106955/discussion?start=99225> (failed 2 times): Connection was refused by other side: 10061: 由于目标计算机积极拒绝，无法连接。.
2019-08-04 21:25:19 [scrapy.core.engine] INFO: Closing spider (shutdown)
2019-08-04 21:25:19 [scrapy.statscollectors] INFO: Dumping Scrapy stats:
{'downloader/exception_count': 2,
 'downloader/exception_type_count/twisted.internet.error.ConnectionRefusedError': 2,
 'downloader/request_bytes': 643,
 'downloader/request_count': 2,
 'downloader/request_method_count/GET': 2,
 'finish_reason': 'shutdown',
 'finish_time': datetime.datetime(2019, 8, 4, 13, 25, 19, 879104),
 'log_count/DEBUG': 2,
 'log_count/INFO': 10,
 'retry/count': 2,
 'retry/reason_count/twisted.internet.error.ConnectionRefusedError': 2,
 'scheduler/dequeued': 2,
 'scheduler/dequeued/memory': 2,
 'scheduler/enqueued': 3,
 'scheduler/enqueued/memory': 3,
 'start_time': datetime.datetime(2019, 8, 4, 13, 25, 17, 432836)}
2019-08-04 21:25:19 [scrapy.core.engine] INFO: Spider closed (shutdown)
2019-08-04 21:29:39 [scrapy.utils.log] INFO: Scrapy 1.6.0 started (bot: scrapy_douban)
2019-08-04 21:29:39 [scrapy.utils.log] INFO: Versions: lxml 4.3.3.0, libxml2 2.9.5, cssselect 1.0.3, parsel 1.5.1, w3lib 1.20.0, Twisted 18.9.0, Python 3.6.8 |Anaconda, Inc.| (default, Feb 21 2019, 18:30:04) [MSC v.1916 64 bit (AMD64)], pyOpenSSL 19.0.0 (OpenSSL 1.1.1b  26 Feb 2019), cryptography 2.6.1, Platform Windows-10-10.0.17763-SP0
2019-08-04 21:29:39 [scrapy.crawler] INFO: Overridden settings: {'BOT_NAME': 'scrapy_douban', 'CONCURRENT_REQUESTS': 32, 'CONCURRENT_REQUESTS_PER_DOMAIN': 32, 'COOKIES_ENABLED': False, 'DOWNLOAD_DELAY': 0.001, 'LOG_FILE': 'DoubanSpider3.log', 'NEWSPIDER_MODULE': 'scrapy_douban.spiders', 'RETRY_TIMES': 5, 'SPIDER_MODULES': ['scrapy_douban.spiders']}
2019-08-04 21:29:39 [scrapy.extensions.telnet] INFO: Telnet Password: 15e23bafa3e7c74a
2019-08-04 21:29:39 [scrapy.middleware] INFO: Enabled extensions:
['scrapy.extensions.corestats.CoreStats',
 'scrapy.extensions.telnet.TelnetConsole',
 'scrapy.extensions.logstats.LogStats']
2019-08-04 21:29:40 [scrapy.middleware] INFO: Enabled downloader middlewares:
['scrapy_douban.middlewares.MyUserAgentMiddleware',
 'scrapy_douban.middlewares.MyProxyMiddleWare',
 'scrapy.downloadermiddlewares.httpauth.HttpAuthMiddleware',
 'scrapy.downloadermiddlewares.defaultheaders.DefaultHeadersMiddleware',
 'scrapy.downloadermiddlewares.downloadtimeout.DownloadTimeoutMiddleware',
 'scrapy.downloadermiddlewares.useragent.UserAgentMiddleware',
 'scrapy.downloadermiddlewares.retry.RetryMiddleware',
 'scrapy.downloadermiddlewares.redirect.MetaRefreshMiddleware',
 'scrapy.downloadermiddlewares.httpcompression.HttpCompressionMiddleware',
 'scrapy.downloadermiddlewares.redirect.RedirectMiddleware',
 'scrapy.downloadermiddlewares.httpproxy.HttpProxyMiddleware',
 'scrapy.downloadermiddlewares.stats.DownloaderStats']
2019-08-04 21:29:40 [scrapy.middleware] INFO: Enabled spider middlewares:
['scrapy.spidermiddlewares.httperror.HttpErrorMiddleware',
 'scrapy.spidermiddlewares.offsite.OffsiteMiddleware',
 'scrapy.spidermiddlewares.referer.RefererMiddleware',
 'scrapy.spidermiddlewares.urllength.UrlLengthMiddleware',
 'scrapy.spidermiddlewares.depth.DepthMiddleware']
2019-08-04 21:29:40 [scrapy.middleware] INFO: Enabled item pipelines:
['scrapy_douban.pipelines.ScrapyDoubanPipeline']
2019-08-04 21:29:40 [scrapy.core.engine] INFO: Spider opened
2019-08-04 21:29:40 [scrapy.extensions.logstats] INFO: Crawled 0 pages (at 0 pages/min), scraped 0 items (at 0 items/min)
2019-08-04 21:29:40 [scrapy.extensions.telnet] INFO: Telnet console listening on 127.0.0.1:6023
2019-08-04 21:29:50 [scrapy.downloadermiddlewares.retry] DEBUG: Retrying <GET https://www.douban.com/group/106955/discussion?start=99225> (failed 1 times): User timeout caused connection failure: Getting https://www.douban.com/group/106955/discussion?start=99225 took longer than 10 seconds..
